This is pdfTeX, Version 3.141592653-2.6-1.40.25 (MiKTeX 23.9) (preloaded format=pdflatex 2023.9.21)  13 JAN 2025 11:54
entering extended mode
 restricted \write18 enabled.
 %&-line parsing enabled.
**./ojap.tex
(ojap.tex
LaTeX2e <2023-06-01> patch level 1
L3 programming layer <2023-08-29>
(IEEEoj.cls

LaTeX Warning: You have requested document class `IEEEoj',
               but the document class provides `IEEEphot'.

Document Class: IEEEphot 2009/06/23 V1.2
-- See the "IEEEphot_HOWTO" manual for usage information.
\@IEEEtrantmpdimenA=\dimen140
\@IEEEtrantmpdimenB=\dimen141
\@IEEEtrantmpcountA=\count185
\@IEEEtrantmpcountB=\count186
\@IEEEtrantmptoksA=\toks17
LaTeX Font Info:    Trying to load font information for OT1+ptm on input line 3
98.
(C:\Users\emrek\AppData\Local\Programs\MiKTeX\tex/latex/psnfss\ot1ptm.fd
File: ot1ptm.fd 2001/06/04 font definitions for OT1/ptm.
)
-- Using 8.25in x 10.75in (IEEE Photonics PaperSize) paper.
-- Using PDF output.
\@IEEEnormalsizeunitybaselineskip=\dimen142
-- This is a 10 point document.
\CLASSINFOnormalsizebaselineskip=\dimen143
\CLASSINFOnormalsizeunitybaselineskip=\dimen144
\IEEEnormaljot=\dimen145
LaTeX Font Info:    Font shape `OT1/ptm/bx/n' in size <5> not available
(Font)              Font shape `OT1/ptm/b/n' tried instead on input line 756.
LaTeX Font Info:    Font shape `OT1/ptm/bx/it' in size <5> not available
(Font)              Font shape `OT1/ptm/b/it' tried instead on input line 756.
LaTeX Font Info:    Font shape `OT1/ptm/bx/n' in size <7> not available
(Font)              Font shape `OT1/ptm/b/n' tried instead on input line 756.
LaTeX Font Info:    Font shape `OT1/ptm/bx/it' in size <7> not available
(Font)              Font shape `OT1/ptm/b/it' tried instead on input line 756.
LaTeX Font Info:    Font shape `OT1/ptm/bx/n' in size <8> not available
(Font)              Font shape `OT1/ptm/b/n' tried instead on input line 756.
LaTeX Font Info:    Font shape `OT1/ptm/bx/it' in size <8> not available
(Font)              Font shape `OT1/ptm/b/it' tried instead on input line 756.
LaTeX Font Info:    Font shape `OT1/ptm/bx/n' in size <10.03749> not available
(Font)              Font shape `OT1/ptm/b/n' tried instead on input line 756.
LaTeX Font Info:    Font shape `OT1/ptm/bx/it' in size <10.03749> not available

(Font)              Font shape `OT1/ptm/b/it' tried instead on input line 756.
LaTeX Font Info:    Font shape `OT1/ptm/bx/n' in size <10> not available
(Font)              Font shape `OT1/ptm/b/n' tried instead on input line 756.
LaTeX Font Info:    Font shape `OT1/ptm/bx/it' in size <10> not available
(Font)              Font shape `OT1/ptm/b/it' tried instead on input line 756.
LaTeX Font Info:    Font shape `OT1/ptm/bx/n' in size <12> not available
(Font)              Font shape `OT1/ptm/b/n' tried instead on input line 756.
LaTeX Font Info:    Font shape `OT1/ptm/bx/it' in size <12> not available
(Font)              Font shape `OT1/ptm/b/it' tried instead on input line 756.
LaTeX Font Info:    Font shape `OT1/ptm/bx/n' in size <17> not available
(Font)              Font shape `OT1/ptm/b/n' tried instead on input line 756.
LaTeX Font Info:    Font shape `OT1/ptm/bx/it' in size <17> not available
(Font)              Font shape `OT1/ptm/b/it' tried instead on input line 756.
LaTeX Font Info:    Font shape `OT1/ptm/bx/n' in size <20> not available
(Font)              Font shape `OT1/ptm/b/n' tried instead on input line 756.
LaTeX Font Info:    Font shape `OT1/ptm/bx/it' in size <20> not available
(Font)              Font shape `OT1/ptm/b/it' tried instead on input line 756.
LaTeX Font Info:    Font shape `OT1/ptm/bx/n' in size <18> not available
(Font)              Font shape `OT1/ptm/b/n' tried instead on input line 756.
LaTeX Font Info:    Font shape `OT1/ptm/bx/it' in size <18> not available
(Font)              Font shape `OT1/ptm/b/it' tried instead on input line 756.
\IEEEilabelindentA=\dimen146
\IEEEilabelindentB=\dimen147
\IEEEilabelindent=\dimen148
\IEEEelabelindent=\dimen149
\IEEEdlabelindent=\dimen150
\IEEElabelindent=\dimen151
\IEEEiednormlabelsep=\dimen152
\IEEEiedmathlabelsep=\dimen153
\IEEEiedtopsep=\skip48
\c@section=\count187
\c@subsection=\count188
\c@subsubsection=\count189
\c@paragraph=\count190
\c@IEEEsubequation=\count191
\abovecaptionskip=\skip49
\belowcaptionskip=\skip50
\c@figure=\count192
\marginfigbox=\box51
\c@table=\count193
\margintabbox=\box52
\@IEEEeqnnumcols=\count194
\@IEEEeqncolcnt=\count195
(C:\Users\emrek\AppData\Local\Programs\MiKTeX\tex/latex/graphics\color.sty
Package: color 2022/01/06 v1.3d Standard LaTeX Color (DPC)

(C:\Users\emrek\AppData\Local\Programs\MiKTeX\tex/latex/graphics-cfg\color.cfg
File: color.cfg 2016/01/02 v1.6 sample color configuration
)
Package color Info: Driver file: pdftex.def on input line 149.

(C:\Users\emrek\AppData\Local\Programs\MiKTeX\tex/latex/graphics-def\pdftex.def
File: pdftex.def 2022/09/22 v1.2b Graphics/color driver for pdftex
)
(C:\Users\emrek\AppData\Local\Programs\MiKTeX\tex/latex/graphics\mathcolor.ltx)
) (C:\Users\emrek\AppData\Local\Programs\MiKTeX\tex/generic/iftex\ifpdf.sty
Package: ifpdf 2019/10/25 v3.4 ifpdf legacy package. Use iftex instead.

(C:\Users\emrek\AppData\Local\Programs\MiKTeX\tex/generic/iftex\iftex.sty
Package: iftex 2022/02/03 v1.0f TeX engine tests
))
(C:\Users\emrek\AppData\Local\Programs\MiKTeX\tex/latex/base\ifthen.sty
Package: ifthen 2022/04/13 v1.1d Standard LaTeX ifthen package (DPC)
)
Package color Info: Redefining color white on input line 3384.
\tempbox=\box53
\abstractbox=\box54
\keybox=\box55
\@IEEEtmpitemindent=\dimen154
\c@IEEEbiography=\count196
\@IEEEtranrubishbin=\box56
\footheight=\dimen155
\typeheight=\dimen156
\typewidth=\dimen157
\authorcount=\count197
\chkaucount=\count198
\tempcount=\count199
\affcount=\count266

(C:\Users\emrek\AppData\Local\Programs\MiKTeX\tex/latex/wrapfig\wrapfig.sty
\wrapoverhang=\dimen158
\WF@size=\dimen159
\c@WF@wrappedlines=\count267
\WF@box=\box57
\WF@everypar=\toks18
Package: wrapfig 2003/01/31  v 3.6
)
(C:\Users\emrek\AppData\Local\Programs\MiKTeX\tex/latex/tools\array.sty
Package: array 2022/09/04 v2.5g Tabular extension package (FMi)
\col@sep=\dimen160
\ar@mcellbox=\box58
\extrarowheight=\dimen161
\NC@list=\toks19
\extratabsurround=\skip51
\backup@length=\skip52
\ar@cellbox=\box59
)
\quotebox=\box60
\quoteskp=\skip53
\sdquoteskp=\skip54
\quotecnt=\count268
)
(C:\Users\emrek\AppData\Local\Programs\MiKTeX\tex/latex/cite\cite.sty
LaTeX Info: Redefining \cite on input line 302.
LaTeX Info: Redefining \nocite on input line 332.
Package: cite 2015/02/27  v 5.5
)
(C:\Users\emrek\AppData\Local\Programs\MiKTeX\tex/latex/amsmath\amsmath.sty
Package: amsmath 2023/05/13 v2.17o AMS math features
\@mathmargin=\skip55

For additional information on amsmath, use the `?' option.
(C:\Users\emrek\AppData\Local\Programs\MiKTeX\tex/latex/amsmath\amstext.sty
Package: amstext 2021/08/26 v2.01 AMS text

(C:\Users\emrek\AppData\Local\Programs\MiKTeX\tex/latex/amsmath\amsgen.sty
File: amsgen.sty 1999/11/30 v2.0 generic functions
\@emptytoks=\toks20
\ex@=\dimen162
))
(C:\Users\emrek\AppData\Local\Programs\MiKTeX\tex/latex/amsmath\amsbsy.sty
Package: amsbsy 1999/11/29 v1.2d Bold Symbols
\pmbraise@=\dimen163
)
(C:\Users\emrek\AppData\Local\Programs\MiKTeX\tex/latex/amsmath\amsopn.sty
Package: amsopn 2022/04/08 v2.04 operator names
)
\inf@bad=\count269
LaTeX Info: Redefining \frac on input line 234.
\uproot@=\count270
\leftroot@=\count271
LaTeX Info: Redefining \overline on input line 399.
LaTeX Info: Redefining \colon on input line 410.
\classnum@=\count272
\DOTSCASE@=\count273
LaTeX Info: Redefining \ldots on input line 496.
LaTeX Info: Redefining \dots on input line 499.
LaTeX Info: Redefining \cdots on input line 620.
\Mathstrutbox@=\box61
\strutbox@=\box62
LaTeX Info: Redefining \big on input line 722.
LaTeX Info: Redefining \Big on input line 723.
LaTeX Info: Redefining \bigg on input line 724.
LaTeX Info: Redefining \Bigg on input line 725.
\big@size=\dimen164
LaTeX Font Info:    Redeclaring font encoding OML on input line 743.
LaTeX Font Info:    Redeclaring font encoding OMS on input line 744.
\macc@depth=\count274
LaTeX Info: Redefining \bmod on input line 905.
LaTeX Info: Redefining \pmod on input line 910.
LaTeX Info: Redefining \smash on input line 940.
LaTeX Info: Redefining \relbar on input line 970.
LaTeX Info: Redefining \Relbar on input line 971.
\c@MaxMatrixCols=\count275
\dotsspace@=\muskip16
\c@parentequation=\count276
\dspbrk@lvl=\count277
\tag@help=\toks21
\row@=\count278
\column@=\count279
\maxfields@=\count280
\andhelp@=\toks22
\eqnshift@=\dimen165
\alignsep@=\dimen166
\tagshift@=\dimen167
\tagwidth@=\dimen168
\totwidth@=\dimen169
\lineht@=\dimen170
\@envbody=\toks23
\multlinegap=\skip56
\multlinetaggap=\skip57
\mathdisplay@stack=\toks24
LaTeX Info: Redefining \[ on input line 2953.
LaTeX Info: Redefining \] on input line 2954.
)
(C:\Users\emrek\AppData\Local\Programs\MiKTeX\tex/latex/amsfonts\amssymb.sty
Package: amssymb 2013/01/14 v3.01 AMS font symbols

(C:\Users\emrek\AppData\Local\Programs\MiKTeX\tex/latex/amsfonts\amsfonts.sty
Package: amsfonts 2013/01/14 v3.01 Basic AMSFonts support
\symAMSa=\mathgroup4
\symAMSb=\mathgroup5
LaTeX Font Info:    Redeclaring math symbol \hbar on input line 98.
LaTeX Font Info:    Overwriting math alphabet `\mathfrak' in version `bold'
(Font)                  U/euf/m/n --> U/euf/b/n on input line 106.
)) (C:\Users\emrek\AppData\Local\Programs\MiKTeX\tex/latex/graphics\graphicx.st
y
Package: graphicx 2021/09/16 v1.2d Enhanced LaTeX Graphics (DPC,SPQR)

(C:\Users\emrek\AppData\Local\Programs\MiKTeX\tex/latex/graphics\keyval.sty
Package: keyval 2022/05/29 v1.15 key=value parser (DPC)
\KV@toks@=\toks25
)
(C:\Users\emrek\AppData\Local\Programs\MiKTeX\tex/latex/graphics\graphics.sty
Package: graphics 2022/03/10 v1.4e Standard LaTeX Graphics (DPC,SPQR)

(C:\Users\emrek\AppData\Local\Programs\MiKTeX\tex/latex/graphics\trig.sty
Package: trig 2021/08/11 v1.11 sin cos tan (DPC)
)
(C:\Users\emrek\AppData\Local\Programs\MiKTeX\tex/latex/graphics-cfg\graphics.c
fg
File: graphics.cfg 2016/06/04 v1.11 sample graphics configuration
)
Package graphics Info: Driver file: pdftex.def on input line 107.
)
\Gin@req@height=\dimen171
\Gin@req@width=\dimen172
) (C:\Users\emrek\AppData\Local\Programs\MiKTeX\tex/latex/base\textcomp.sty
Package: textcomp 2020/02/02 v2.0n Standard LaTeX package
)
(C:\Users\emrek\AppData\Local\Programs\MiKTeX\tex/latex/algorithm2e\algorithm2e
.sty
Package: algorithm2e 2017/07/18 v5.2 algorithms environments
\c@AlgoLine=\count281
\algocf@hangindent=\skip58

(C:\Users\emrek\AppData\Local\Programs\MiKTeX\tex/latex/ifoddpage\ifoddpage.sty
Package: ifoddpage 2022/10/18 v1.2 Conditionals for odd/even page detection
\c@checkoddpage=\count282
) (C:\Users\emrek\AppData\Local\Programs\MiKTeX\tex/latex/tools\xspace.sty
Package: xspace 2014/10/28 v1.13 Space after command names (DPC,MH)
)
(C:\Users\emrek\AppData\Local\Programs\MiKTeX\tex/latex/relsize\relsize.sty
Package: relsize 2013/03/29 ver 4.1
)
\skiptotal=\skip59
\skiplinenumber=\skip60
\skiprule=\skip61
\skiphlne=\skip62
\skiptext=\skip63
\skiplength=\skip64
\algomargin=\skip65
\skipalgocfslide=\skip66
\algowidth=\dimen173
\inoutsize=\dimen174
\inoutindent=\dimen175
\interspacetitleruled=\dimen176
\interspacealgoruled=\dimen177
\interspacetitleboxruled=\dimen178
\algocf@ruledwidth=\skip67
\algocf@inoutbox=\box63
\algocf@inputbox=\box64
\AlCapSkip=\skip68
\AlCapHSkip=\skip69
\algoskipindent=\skip70
\algocf@nlbox=\box65
\algocf@hangingbox=\box66
\algocf@untilbox=\box67
\algocf@skipuntil=\skip71
\algocf@capbox=\box68
\algocf@lcaptionbox=\skip72
\algoheightruledefault=\skip73
\algoheightrule=\skip74
\algotitleheightruledefault=\skip75
\algotitleheightrule=\skip76
\c@algocfline=\count283
\c@algocfproc=\count284
\c@algocf=\count285
\algocf@algoframe=\box69
\algocf@algobox=\box70
)
(C:\Users\emrek\AppData\Local\Programs\MiKTeX\tex/latex/l3backend\l3backend-pdf
tex.def
File: l3backend-pdftex.def 2023-04-19 L3 backend support: PDF output (pdfTeX)
\l__color_backend_stack_int=\count286
\l__pdf_internal_box=\box71
) (ojap.aux)
\openout1 = `ojap.aux'.

LaTeX Font Info:    Checking defaults for OML/cmm/m/it on input line 10.
LaTeX Font Info:    ... okay on input line 10.
LaTeX Font Info:    Checking defaults for OMS/cmsy/m/n on input line 10.
LaTeX Font Info:    ... okay on input line 10.
LaTeX Font Info:    Checking defaults for OT1/cmr/m/n on input line 10.
LaTeX Font Info:    ... okay on input line 10.
LaTeX Font Info:    Checking defaults for T1/cmr/m/n on input line 10.
LaTeX Font Info:    ... okay on input line 10.
LaTeX Font Info:    Checking defaults for TS1/cmr/m/n on input line 10.
LaTeX Font Info:    ... okay on input line 10.
LaTeX Font Info:    Checking defaults for OMX/cmex/m/n on input line 10.
LaTeX Font Info:    ... okay on input line 10.
LaTeX Font Info:    Checking defaults for U/cmr/m/n on input line 10.
LaTeX Font Info:    ... okay on input line 10.

(C:\Users\emrek\AppData\Local\Programs\MiKTeX\tex/context/base/mkii\supp-pdf.mk
ii
[Loading MPS to PDF converter (version 2006.09.02).]
\scratchcounter=\count287
\scratchdimen=\dimen179
\scratchbox=\box72
\nofMPsegments=\count288
\nofMParguments=\count289
\everyMPshowfont=\toks26
\MPscratchCnt=\count290
\MPscratchDim=\dimen180
\MPnumerator=\count291
\makeMPintoPDFobject=\count292
\everyMPtoPDFconversion=\toks27
)
(C:\Users\emrek\AppData\Local\Programs\MiKTeX\tex/latex/epstopdf-pkg\epstopdf-b
ase.sty
Package: epstopdf-base 2020-01-24 v2.11 Base part for package epstopdf
Package epstopdf-base Info: Redefining graphics rule for `.eps' on input line 4
85.

(C:\Users\emrek\AppData\Local\Programs\MiKTeX\tex/latex/00miktex\epstopdf-sys.c
fg
File: epstopdf-sys.cfg 2021/03/18 v2.0 Configuration of epstopdf for MiKTeX
))
LaTeX Font Info:    Trying to load font information for OT1+phv on input line 2
6.
 (C:\Users\emrek\AppData\Local\Programs\MiKTeX\tex/latex/psnfss\ot1phv.fd
File: ot1phv.fd 2020/03/25 scalable font definitions for OT1/phv.
)
LaTeX Font Info:    Trying to load font information for TS1+phv on input line 3
6.

(C:\Users\emrek\AppData\Local\Programs\MiKTeX\tex/latex/psnfss\ts1phv.fd
File: ts1phv.fd 2020/03/25 scalable font definitions for TS1/phv.
)
LaTeX Font Info:    Calculating math sizes for size <10.03749> on input line 46
.
LaTeX Font Info:    Trying to load font information for U+msa on input line 46.


(C:\Users\emrek\AppData\Local\Programs\MiKTeX\tex/latex/amsfonts\umsa.fd
File: umsa.fd 2013/01/14 v3.01 AMS symbols A
)
LaTeX Font Info:    Trying to load font information for U+msb on input line 46.


(C:\Users\emrek\AppData\Local\Programs\MiKTeX\tex/latex/amsfonts\umsb.fd
File: umsb.fd 2013/01/14 v3.01 AMS symbols B
)
<OJAP.png, id=1, 475.7775pt x 64.24pt>
File: OJAP.png Graphic file (type png)
<use OJAP.png>
Package pdftex.def Info: OJAP.png  used on input line 59.
(pdftex.def)             Requested size: 148.12836pt x 20.0pt.

Overfull \hbox (22.12836pt too wide) has occurred while \output is active
[][] 
 []


Underfull \vbox (badness 10000) has occurred while \output is active []


Overfull \vbox (8.45pt too high) has occurred while \output is active []


Overfull \vbox (8.922pt too high) has occurred while \output is active []

 [1{C:/Users/emrek/AppData/Local/MiKTeX/fonts/map/pdftex/pdftex.map}{C:/Users/e
mrek/AppData/Local/Programs/MiKTeX/fonts/enc/dvips/base/8r.enc}


 <./OJAP.png (PNG copy)>]
<RIS_Modeling.png, id=19, 825.83531pt x 902.6222pt>
File: RIS_Modeling.png Graphic file (type png)
<use RIS_Modeling.png>
Package pdftex.def Info: RIS_Modeling.png  used on input line 61.
(pdftex.def)             Requested size: 196.80075pt x 215.09119pt.
LaTeX Font Info:    Font shape `OT1/phv/b/it' in size <9> not available
(Font)              Font shape `OT1/phv/b/sl' tried instead on input line 79.
LaTeX Font Info:    Font shape `OT1/phv/m/it' in size <7> not available
(Font)              Font shape `OT1/phv/m/sl' tried instead on input line 107.

Overfull \vbox (12.859pt too high) has occurred while \output is active []


Overfull \vbox (12.75748pt too high) has occurred while \output is active []


[2 <./RIS_Modeling.png>]
<RIS_Phase_Gradient.png, id=27, 1156.32pt x 925.056pt>
File: RIS_Phase_Gradient.png Graphic file (type png)
<use RIS_Phase_Gradient.png>
Package pdftex.def Info: RIS_Phase_Gradient.png  used on input line 109.
(pdftex.def)             Requested size: 246.0pt x 196.79411pt.
File: OJAP.png Graphic file (type png)
<use OJAP.png>
Package pdftex.def Info: OJAP.png  used on input line 155.
(pdftex.def)             Requested size: 148.12836pt x 20.0pt.

Overfull \hbox (25.32835pt too wide) has occurred while \output is active
[][] 
 []


Underfull \vbox (badness 10000) has occurred while \output is active []


Overfull \vbox (8.45pt too high) has occurred while \output is active []

 [3 <./RIS_Phase_Gradient.png>]
Overfull \hbox (10.0pt too wide) detected at line 183
[][] 
 []


Overfull \hbox (1.77878pt too wide) detected at line 207
[]\OMS/cmsy/m/n/10 R[] \OT1/cmr/m/n/10 = \OMS/cmsy/m/n/10 f\OT1/cmr/bx/n/10 r[]
 \OMS/cmsy/m/n/10 j []\OT1/cmr/m/n/10 (\OT1/cmr/bx/n/10 r[]\OML/cmm/m/it/10 ; [
]\OT1/cmr/m/n/10 ) \OMS/cmsy/m/n/10 ^ []\OT1/cmr/m/n/10 (\OT1/cmr/bx/n/10 r[]\O
ML/cmm/m/it/10 ; \OT1/cmr/bx/n/10 c[]\OT1/cmr/m/n/10 ) \OMS/cmsy/m/n/10 8\OT1/c
mr/bx/n/10 c[]\OMS/cmsy/m/n/10 g
 []


Overfull \hbox (12.30058pt too wide) detected at line 207
[]\OMS/cmsy/m/n/10 M\OT1/cmr/m/n/10 (\OT1/cmr/bx/n/10 r[]\OML/cmm/m/it/10 ; N; 
W[]\OT1/cmr/m/n/10 ) = [] [] \OT1/cmr/bx/n/10 P[]\OT1/cmr/m/n/10 (\OML/cmm/m/it
/10 x; y\OT1/cmr/m/n/10 )
 []


Overfull \hbox (1.01141pt too wide) detected at line 211
[]\OT1/cmr/m/n/10 (\OT1/cmr/bx/n/10 r[]\OML/cmm/m/it/10 ; N[]\OT1/cmr/m/n/10 ) 
= [] [] \OMS/cmsy/m/n/10 M\OT1/cmr/m/n/10 (\OT1/cmr/bx/n/10 r[]\OML/cmm/m/it/10
 ; N; W[]\OT1/cmr/m/n/10 )
 []


Underfull \hbox (badness 1796) in paragraph at lines 230--231
\OT1/ptm/m/n/8 Mar-cus, and A. Keller, \Sionna: An Open-Source Li-brary for
 []


Underfull \hbox (badness 1552) in paragraph at lines 230--231
\OT1/ptm/m/n/8 Next-Generation Phys-i-cal Layer Re-search", \OT1/ptm/m/it/8 arX
iv\OT1/ptm/m/n/8 , March 2022,
 []

<Emre_Picture.jpg, id=34, 803.0pt x 803.0pt>
File: Emre_Picture.jpg Graphic file (type jpg)
<use Emre_Picture.jpg>
Package pdftex.def Info: Emre_Picture.jpg  used on input line 238.
(pdftex.def)             Requested size: 72.26688pt x 72.26688pt.
File: Emre_Picture.jpg Graphic file (type jpg)
<use Emre_Picture.jpg>
Package pdftex.def Info: Emre_Picture.jpg  used on input line 238.
(pdftex.def)             Requested size: 72.26688pt x 72.26688pt.

Overfull \vbox (12.859pt too high) has occurred while \output is active []


Overfull \vbox (12.75748pt too high) has occurred while \output is active []


[4 <./Emre_Picture.jpg>]
File: Emre_Picture.jpg Graphic file (type jpg)
<use Emre_Picture.jpg>
Package pdftex.def Info: Emre_Picture.jpg  used on input line 241.
(pdftex.def)             Requested size: 72.26688pt x 72.26688pt.
File: Emre_Picture.jpg Graphic file (type jpg)
<use Emre_Picture.jpg>
Package pdftex.def Info: Emre_Picture.jpg  used on input line 241.
(pdftex.def)             Requested size: 72.26688pt x 72.26688pt.
File: OJAP.png Graphic file (type png)
<use OJAP.png>
Package pdftex.def Info: OJAP.png  used on input line 244.
(pdftex.def)             Requested size: 148.12836pt x 20.0pt.

Overfull \hbox (25.32835pt too wide) has occurred while \output is active
[][] 
 []


Underfull \vbox (badness 10000) has occurred while \output is active []


Overfull \vbox (8.45pt too high) has occurred while \output is active []

 [5]
(ojap.aux)
 ***********
LaTeX2e <2023-06-01> patch level 1
L3 programming layer <2023-08-29>
 ***********
 ) 
Here is how much of TeX's memory you used:
 5019 strings out of 475247
 80463 string characters out of 5757792
 1943801 words of memory out of 5000000
 26471 multiletter control sequences out of 15000+600000
 617098 words of font info for 130 fonts, out of 8000000 for 9000
 1141 hyphenation exceptions out of 8191
 57i,17n,65p,1819b,425s stack positions out of 10000i,1000n,20000p,200000b,200000s
<C:/Users/emrek/AppData/Local/Programs/MiKTeX/fonts/type1/public/amsfonts/cm/
cmbx10.pfb><C:/Users/emrek/AppData/Local/Programs/MiKTeX/fonts/type1/public/ams
fonts/cm/cmbx7.pfb><C:/Users/emrek/AppData/Local/Programs/MiKTeX/fonts/type1/pu
blic/amsfonts/cm/cmex10.pfb><C:/Users/emrek/AppData/Local/Programs/MiKTeX/fonts
/type1/public/amsfonts/cm/cmmi10.pfb><C:/Users/emrek/AppData/Local/Programs/MiK
TeX/fonts/type1/public/amsfonts/cm/cmmi5.pfb><C:/Users/emrek/AppData/Local/Prog
rams/MiKTeX/fonts/type1/public/amsfonts/cm/cmmi7.pfb><C:/Users/emrek/AppData/Lo
cal/Programs/MiKTeX/fonts/type1/public/amsfonts/cm/cmr10.pfb><C:/Users/emrek/Ap
pData/Local/Programs/MiKTeX/fonts/type1/public/amsfonts/cm/cmr5.pfb><C:/Users/e
mrek/AppData/Local/Programs/MiKTeX/fonts/type1/public/amsfonts/cm/cmr7.pfb><C:/
Users/emrek/AppData/Local/Programs/MiKTeX/fonts/type1/public/amsfonts/cm/cmsy10
.pfb><C:/Users/emrek/AppData/Local/Programs/MiKTeX/fonts/type1/public/amsfonts/
cm/cmsy7.pfb><C:/Users/emrek/AppData/Local/Programs/MiKTeX/fonts/type1/urw/helv
etic/uhvb8a.pfb><C:/Users/emrek/AppData/Local/Programs/MiKTeX/fonts/type1/urw/h
elvetic/uhvbo8a.pfb><C:/Users/emrek/AppData/Local/Programs/MiKTeX/fonts/type1/u
rw/helvetic/uhvr8a.pfb><C:/Users/emrek/AppData/Local/Programs/MiKTeX/fonts/type
1/urw/helvetic/uhvro8a.pfb><C:/Users/emrek/AppData/Local/Programs/MiKTeX/fonts/
type1/urw/times/utmb8a.pfb><C:/Users/emrek/AppData/Local/Programs/MiKTeX/fonts/
type1/urw/times/utmr8a.pfb><C:/Users/emrek/AppData/Local/Programs/MiKTeX/fonts/
type1/urw/times/utmri8a.pfb>
Output written on ojap.pdf (5 pages, 578723 bytes).
PDF statistics:
 122 PDF objects out of 1000 (max. 8388607)
 0 named destinations out of 1000 (max. 500000)
 45 words of extra memory for PDF output out of 10000 (max. 10000000)

